<?xml version="1.0" encoding="UTF-8"?>
<testsuite name="com.cc.ccbackend.controller.EmployeeControllerTest" tests="3" skipped="0" failures="0" errors="0" timestamp="2024-01-03T17:51:39" hostname="Dianas-MacBook-Pro.local" time="0.104">
  <properties/>
  <testcase name="createEmployee_whenEmployeeIsTrainee_thenCreateEmployee()" classname="com.cc.ccbackend.controller.EmployeeControllerTest" time="0.101"/>
  <testcase name="createEmployee_whenEmployeeIsSupervisor_thenCreateLoginAndEmployee()" classname="com.cc.ccbackend.controller.EmployeeControllerTest" time="0.001"/>
  <testcase name="createEmployee_whenEmployeeIsManager_thenCreateLoginAndEmployee()" classname="com.cc.ccbackend.controller.EmployeeControllerTest" time="0.001"/>
  <system-out><![CDATA[]]></system-out>
  <system-err><![CDATA[]]></system-err>
</testsuite>
