<?xml version="1.0" encoding="UTF-8"?>
<testsuite name="com.cc.ccbackend.service.EnrolmentServiceTest" tests="1" skipped="0" failures="0" errors="0" timestamp="2024-01-03T17:51:39" hostname="Dianas-MacBook-Pro.local" time="0.005">
  <properties/>
  <testcase name="create_whenEmployeeOnProgramme_thenCreateEnrolment()" classname="com.cc.ccbackend.service.EnrolmentServiceTest" time="0.005"/>
  <system-out><![CDATA[]]></system-out>
  <system-err><![CDATA[]]></system-err>
</testsuite>
