<?xml version="1.0" encoding="UTF-8"?>
<testsuite name="com.cc.ccbackend.service.SkillServiceTest" tests="2" skipped="0" failures="0" errors="0" timestamp="2024-01-03T17:51:40" hostname="Dianas-MacBook-Pro.local" time="0.006">
  <properties/>
  <testcase name="create_WhenSkillIsValid_ThenCreateSkill()" classname="com.cc.ccbackend.service.SkillServiceTest" time="0.005"/>
  <testcase name="getAllSkills_WhenSkillsExist_ThenReturnAll()" classname="com.cc.ccbackend.service.SkillServiceTest" time="0.001"/>
  <system-out><![CDATA[]]></system-out>
  <system-err><![CDATA[]]></system-err>
</testsuite>
