<?xml version="1.0" encoding="UTF-8"?>
<testsuite name="com.cc.ccbackend.service.LoginServiceTest" tests="3" skipped="0" failures="0" errors="0" timestamp="2024-01-03T17:51:39" hostname="Dianas-MacBook-Pro.local" time="0.012">
  <properties/>
  <testcase name="authenticate_whenUserDoesNotExist_thenReturnFalse()" classname="com.cc.ccbackend.service.LoginServiceTest" time="0.01"/>
  <testcase name="createLogin_whenNewUser_thenCreateLogin()" classname="com.cc.ccbackend.service.LoginServiceTest" time="0.001"/>
  <testcase name="authenticate_whenUserExists_thenReturnTrue()" classname="com.cc.ccbackend.service.LoginServiceTest" time="0.001"/>
  <system-out><![CDATA[]]></system-out>
  <system-err><![CDATA[]]></system-err>
</testsuite>
