<?xml version="1.0" encoding="UTF-8"?>
<testsuite name="com.cc.ccbackend.controller.LoginControllerTest" tests="2" skipped="0" failures="0" errors="0" timestamp="2024-01-03T17:51:39" hostname="Dianas-MacBook-Pro.local" time="0.005">
  <properties/>
  <testcase name="authenticate_whenLoginIsValid_thenReturnOkStatusCode()" classname="com.cc.ccbackend.controller.LoginControllerTest" time="0.004"/>
  <testcase name="authenticate_whenLoginIsNotValid_thenReturnBadRequestStatusCode()" classname="com.cc.ccbackend.controller.LoginControllerTest" time="0.001"/>
  <system-out><![CDATA[]]></system-out>
  <system-err><![CDATA[]]></system-err>
</testsuite>
