<?xml version="1.0" encoding="UTF-8"?>
<testsuite name="com.cc.ccbackend.service.EmployeeServiceTest" tests="3" skipped="0" failures="0" errors="0" timestamp="2024-01-03T17:51:39" hostname="Dianas-MacBook-Pro.local" time="0.01">
  <properties/>
  <testcase name="getEmployeeById_whenEmployeeExists_thenReturnEmployee()" classname="com.cc.ccbackend.service.EmployeeServiceTest" time="0.008"/>
  <testcase name="getAllEmployees_WhenEmployeesExist_ThenReturnAll()" classname="com.cc.ccbackend.service.EmployeeServiceTest" time="0.0"/>
  <testcase name="createEmployee_WhenEmployeeIsValid_ThenCreateEmployee()" classname="com.cc.ccbackend.service.EmployeeServiceTest" time="0.001"/>
  <system-out><![CDATA[]]></system-out>
  <system-err><![CDATA[]]></system-err>
</testsuite>
