<?xml version="1.0" encoding="UTF-8"?>
<testsuite name="com.cc.ccbackend.CcBackendApplicationTests" tests="1" skipped="0" failures="0" errors="0" timestamp="2024-01-03T17:51:39" hostname="Dianas-MacBook-Pro.local" time="0.255">
  <properties/>
  <testcase name="contextLoads()" classname="com.cc.ccbackend.CcBackendApplicationTests" time="0.255"/>
  <system-out><![CDATA[17:51:37.585 [Test worker] DEBUG org.springframework.boot.test.context.SpringBootTestContextBootstrapper - Neither @ContextConfiguration nor @ContextHierarchy found for test class [CcBackendApplicationTests]: using SpringBootContextLoader
17:51:37.595 [Test worker] DEBUG org.springframework.test.context.support.AbstractContextLoader - Could not detect default resource locations for test class [com.cc.ccbackend.CcBackendApplicationTests]: no resource found for suffixes {-context.xml, Context.groovy}.
17:51:37.596 [Test worker] INFO org.springframework.test.context.support.AnnotationConfigContextLoaderUtils - Could not detect default configuration classes for test class [com.cc.ccbackend.CcBackendApplicationTests]: CcBackendApplicationTests does not declare any static, non-private, non-final, nested classes annotated with @Configuration.
17:51:37.611 [Test worker] DEBUG org.springframework.boot.test.context.SpringBootTestContextBootstrapper - Using ContextCustomizers for test class [CcBackendApplicationTests]: [DisableObservabilityContextCustomizer, PropertyMappingContextCustomizer, Customizer, ExcludeFilterContextCustomizer, DuplicateJsonObjectContextCustomizer, MockitoContextCustomizer, TestRestTemplateContextCustomizer]
17:51:37.665 [Test worker] DEBUG org.springframework.context.annotation.ClassPathScanningCandidateComponentProvider - Identified candidate component class: file [/Users/dianadodan/University/Y2/Comercial Computing/CC-backend/build/classes/java/main/com/cc/ccbackend/CcBackendApplication.class]
17:51:37.666 [Test worker] INFO org.springframework.boot.test.context.SpringBootTestContextBootstrapper - Found @SpringBootConfiguration com.cc.ccbackend.CcBackendApplication for test class com.cc.ccbackend.CcBackendApplicationTests
17:51:37.737 [Test worker] DEBUG org.springframework.boot.test.context.SpringBootTestContextBootstrapper - Using TestExecutionListeners for test class [CcBackendApplicationTests]: [ServletTestExecutionListener, DirtiesContextBeforeModesTestExecutionListener, ApplicationEventsTestExecutionListener, MockitoTestExecutionListener, DependencyInjectionTestExecutionListener, DirtiesContextTestExecutionListener, TransactionalTestExecutionListener, SqlScriptsTestExecutionListener, EventPublishingTestExecutionListener, RestDocsTestExecutionListener, MockRestServiceServerResetTestExecutionListener, MockMvcPrintOnlyOnFailureTestExecutionListener, WebDriverTestExecutionListener, MockWebServiceServerTestExecutionListener, ResetMocksTestExecutionListener]
17:51:37.738 [Test worker] DEBUG org.springframework.test.context.support.AbstractDirtiesContextTestExecutionListener - Before test class: class [CcBackendApplicationTests], class annotated with @DirtiesContext [false] with mode [null]

  .   ____          _            __ _ _
 /\\ / ___'_ __ _ _(_)_ __  __ _ \ \ \ \
( ( )\___ | '_ | '_| | '_ \/ _` | \ \ \ \
 \\/  ___)| |_)| | | | | || (_| |  ) ) ) )
  '  |____| .__|_| |_|_| |_\__, | / / / /
 =========|_|==============|___/=/_/_/_/
 :: Spring Boot ::                (v3.0.2)

2024-01-03T17:51:37.922Z  INFO 9644 --- [    Test worker] c.c.ccbackend.CcBackendApplicationTests  : Starting CcBackendApplicationTests using Java 18.0.1.1 with PID 9644 (started by dianadodan in /Users/dianadodan/University/Y2/Comercial Computing/CC-backend)
2024-01-03T17:51:37.922Z  INFO 9644 --- [    Test worker] c.c.ccbackend.CcBackendApplicationTests  : No active profile set, falling back to 1 default profile: "default"
2024-01-03T17:51:38.283Z  INFO 9644 --- [    Test worker] .s.d.r.c.RepositoryConfigurationDelegate : Bootstrapping Spring Data JDBC repositories in DEFAULT mode.
2024-01-03T17:51:38.299Z  INFO 9644 --- [    Test worker] .s.d.r.c.RepositoryConfigurationDelegate : Finished Spring Data repository scanning in 11 ms. Found 0 JDBC repository interfaces.
2024-01-03T17:51:38.568Z  INFO 9644 --- [    Test worker] o.f.c.internal.license.VersionPrinter    : Flyway Community Edition 9.5.1 by Redgate
2024-01-03T17:51:38.568Z  INFO 9644 --- [    Test worker] o.f.c.internal.license.VersionPrinter    : See what's new here: https://flywaydb.org/documentation/learnmore/releaseNotes#9.5.1
2024-01-03T17:51:38.568Z  INFO 9644 --- [    Test worker] o.f.c.internal.license.VersionPrinter    : 
2024-01-03T17:51:38.574Z  INFO 9644 --- [    Test worker] com.zaxxer.hikari.HikariDataSource       : HikariPool-1 - Starting...
2024-01-03T17:51:38.786Z  INFO 9644 --- [    Test worker] com.zaxxer.hikari.pool.HikariPool        : HikariPool-1 - Added connection conn0: url=jdbc:h2:mem:cc user=USER
2024-01-03T17:51:38.787Z  INFO 9644 --- [    Test worker] com.zaxxer.hikari.HikariDataSource       : HikariPool-1 - Start completed.
2024-01-03T17:51:38.796Z  INFO 9644 --- [    Test worker] o.f.c.i.database.base.BaseDatabaseType   : Database: jdbc:h2:mem:cc (H2 2.1)
2024-01-03T17:51:38.851Z  INFO 9644 --- [    Test worker] o.f.core.internal.command.DbValidate     : Successfully validated 7 migrations (execution time 00:00.010s)
2024-01-03T17:51:38.854Z  INFO 9644 --- [    Test worker] o.f.c.i.s.JdbcTableSchemaHistory         : Creating Schema History table "PUBLIC"."flyway_schema_history" ...
2024-01-03T17:51:38.872Z  INFO 9644 --- [    Test worker] o.f.core.internal.command.DbMigrate      : Current version of schema "PUBLIC": << Empty Schema >>
2024-01-03T17:51:38.875Z  INFO 9644 --- [    Test worker] o.f.core.internal.command.DbMigrate      : Migrating schema "PUBLIC" to version "1 - Create and insert in employee table"
2024-01-03T17:51:38.884Z  INFO 9644 --- [    Test worker] o.f.core.internal.command.DbMigrate      : Migrating schema "PUBLIC" to version "2 - Create and insert in programme table"
2024-01-03T17:51:38.890Z  INFO 9644 --- [    Test worker] o.f.core.internal.command.DbMigrate      : Migrating schema "PUBLIC" to version "3 - Create and insert in auth table"
2024-01-03T17:51:38.894Z  INFO 9644 --- [    Test worker] o.f.core.internal.command.DbMigrate      : Migrating schema "PUBLIC" to version "4 - Create and insert in skill table"
2024-01-03T17:51:38.899Z  INFO 9644 --- [    Test worker] o.f.core.internal.command.DbMigrate      : Migrating schema "PUBLIC" to version "5 - Create and insert in enrolment table"
2024-01-03T17:51:38.906Z  INFO 9644 --- [    Test worker] o.f.core.internal.command.DbMigrate      : Migrating schema "PUBLIC" to version "6 - Create and insert in proficiency table"
2024-01-03T17:51:38.914Z  INFO 9644 --- [    Test worker] o.f.core.internal.command.DbMigrate      : Migrating schema "PUBLIC" to version "7 - Create and insert in skill on programme table"
2024-01-03T17:51:38.918Z  INFO 9644 --- [    Test worker] o.f.core.internal.command.DbMigrate      : Successfully applied 7 migrations to schema "PUBLIC", now at version v7 (execution time 00:00.047s)
2024-01-03T17:51:39.172Z  WARN 9644 --- [    Test worker] .s.s.UserDetailsServiceAutoConfiguration : 

Using generated security password: f092a7ae-5f27-4877-aa70-0c107b42fb45

This generated password is for development use only. Your security configuration must be updated before running your application in production.

2024-01-03T17:51:39.255Z  INFO 9644 --- [    Test worker] o.s.s.web.DefaultSecurityFilterChain     : Will secure any request with [org.springframework.security.web.session.DisableEncodeUrlFilter@405d8a80, org.springframework.security.web.context.request.async.WebAsyncManagerIntegrationFilter@ac4e690, org.springframework.security.web.context.SecurityContextHolderFilter@7c5c20ed, org.springframework.security.web.header.HeaderWriterFilter@7e2c6fd6, org.springframework.web.filter.CorsFilter@6afeaf2d, org.springframework.security.web.authentication.logout.LogoutFilter@4cfc0c48, org.springframework.security.web.savedrequest.RequestCacheAwareFilter@2aac8ad7, org.springframework.security.web.servletapi.SecurityContextHolderAwareRequestFilter@45c423b3, org.springframework.security.web.authentication.AnonymousAuthenticationFilter@365bfc5f, org.springframework.security.web.access.ExceptionTranslationFilter@69d2e517, org.springframework.security.web.access.intercept.AuthorizationFilter@1c6ac73c]
2024-01-03T17:51:39.439Z  INFO 9644 --- [    Test worker] o.s.b.a.h2.H2ConsoleAutoConfiguration    : H2 console available at '/h2-console'. Database available at 'jdbc:h2:mem:cc'
2024-01-03T17:51:39.461Z  INFO 9644 --- [    Test worker] c.c.ccbackend.CcBackendApplicationTests  : Started CcBackendApplicationTests in 1.694 seconds (process running for 2.542)
]]></system-out>
  <system-err><![CDATA[[2024.01.03 17:51:37] (Coverage): Error during class instrumentation: org.springframework.boot.logging.log4j2.Log4J2LoggingSystem: java.lang.RuntimeException: java.io.IOException: Class org/apache/logging/log4j/core/config/composite/CompositeConfiguration not found
[2024.01.03 17:51:38] (Coverage): Error during class instrumentation: org.springframework.web.servlet.config.annotation.WebMvcConfigurationSupport: java.lang.RuntimeException: java.io.IOException: Class jakarta/validation/ValidatorFactory not found
[2024.01.03 17:51:39] (Coverage): Error during class instrumentation: org.springframework.security.config.annotation.authentication.configurers.ldap.LdapAuthenticationProviderConfigurer: java.lang.RuntimeException: java.io.IOException: Class org/springframework/security/ldap/authentication/PasswordComparisonAuthenticator not found
[2024.01.03 17:51:39] (Coverage): Error during class instrumentation: org.springframework.security.config.annotation.web.configurers.oauth2.client.OAuth2LoginConfigurer: java.lang.RuntimeException: java.io.IOException: Class org/springframework/security/oauth2/client/endpoint/DefaultAuthorizationCodeTokenResponseClient not found
]]></system-err>
</testsuite>
